<?xml version="1.0" encoding="UTF-8"?>
<!-- Generated by org.testng.reporters.JUnitReportReporter -->
<testsuite hostname="LAPTOP-H8BM8J34" failures="0" tests="3" name="Test_Demo.TestNG_class" time="0.003" errors="0" timestamp="2023-01-03T21:29:42 IST" skipped="0">
  <testcase classname="Test_Demo.TestNG_class" name="m3" time="0.001"/>
  <system-out/>
  <testcase classname="Test_Demo.TestNG_class" name="m1" time="0.001"/>
  <system-out/>
  <testcase classname="Test_Demo.TestNG_class" name="m2" time="0.001"/>
  <system-out/>
</testsuite> <!-- Test_Demo.TestNG_class -->
