<?xml version="1.0" encoding="UTF-8"?>
<!-- Generated by org.testng.reporters.JUnitReportReporter -->
<testsuite hostname="LAPTOP-H8BM8J34" failures="0" tests="4" name="cross_browser.home_page" time="0.016" errors="0" timestamp="2023-01-04T21:15:24 IST" skipped="0">
  <testcase classname="cross_browser.home_page" name="homepage" time="0.009"/>
  <system-out/>
  <testcase classname="cross_browser.home_page" name="homepage2" time="0.003"/>
  <system-out/>
  <testcase classname="cross_browser.home_page" name="homepage2" time="0.002"/>
  <system-out/>
  <testcase classname="cross_browser.home_page" name="homepage" time="0.002"/>
  <system-out/>
</testsuite> <!-- cross_browser.home_page -->
