<?xml version="1.0" encoding="UTF-8"?>
<!-- Generated by org.testng.reporters.JUnitReportReporter -->
<testsuite hostname="LAPTOP-H8BM8J34" failures="0" tests="2" name="PomRepo01.LoginTest" time="12.968" errors="0" timestamp="2023-01-24T23:35:55 IST" skipped="0">
  <testcase classname="PomRepo01.LoginTest" name="verifyLoginInvalid" time="7.911"/>
  <system-out/>
  <testcase classname="PomRepo01.LoginTest" name="verifyLoginValid" time="5.057"/>
  <system-out/>
</testsuite> <!-- PomRepo01.LoginTest -->
