<?xml version="1.0" encoding="UTF-8"?>
<!-- Generated by org.testng.reporters.JUnitReportReporter -->
<testsuite hostname="LAPTOP-H8BM8J34" failures="0" tests="2" name="cross_browser.login_page" time="288.241" errors="0" timestamp="2023-01-04T21:15:24 IST" skipped="0">
  <testcase classname="cross_browser.login_page" name="login" time="158.065"/>
  <system-out/>
  <testcase classname="cross_browser.login_page" name="login" time="130.176"/>
  <system-out/>
</testsuite> <!-- cross_browser.login_page -->
