<?xml version="1.0" encoding="UTF-8"?>
<!-- Generated by org.testng.reporters.JUnitReportReporter -->
<testsuite hostname="LAPTOP-H8BM8J34" failures="0" tests="2" name="Test_Demo.TestNG_demo05" time="0.024" errors="0" timestamp="2023-01-03T15:27:24 IST" skipped="0">
  <testcase classname="Test_Demo.TestNG_demo05" name="Test2" time="0.006"/>
  <system-out/>
  <testcase classname="Test_Demo.TestNG_demo05" name="Test1" time="0.018"/>
  <system-out/>
</testsuite> <!-- Test_Demo.TestNG_demo05 -->
