<?xml version="1.0" encoding="UTF-8"?>
<!-- Generated by org.testng.reporters.JUnitReportReporter -->
<testsuite hostname="LAPTOP-H8BM8J34" failures="0" tests="1" name="Test_Demo.Test01" time="0.007" errors="0" timestamp="2023-01-03T21:29:42 IST" skipped="0">
  <testcase classname="Test_Demo.Test01" name="Test1" time="0.007"/>
  <system-out/>
</testsuite> <!-- Test_Demo.Test01 -->
