<?xml version="1.0" encoding="UTF-8"?>
<!-- Generated by org.testng.reporters.JUnitReportReporter -->
<testsuite hostname="LAPTOP-H8BM8J34" failures="0" tests="3" name="Test_Demo.TestNG_demo02" time="0.006" errors="0" timestamp="2023-01-03T21:29:42 IST" skipped="0">
  <testcase classname="Test_Demo.TestNG_demo02" name="test3" time="0.001"/>
  <system-out/>
  <testcase classname="Test_Demo.TestNG_demo02" name="test1" time="0.001"/>
  <system-out/>
  <testcase classname="Test_Demo.TestNG_demo02" name="test2" time="0.004"/>
  <system-out/>
</testsuite> <!-- Test_Demo.TestNG_demo02 -->
