<?xml version="1.0" encoding="UTF-8"?>
<!-- Generated by org.testng.reporters.JUnitReportReporter -->
<testsuite hostname="LAPTOP-H8BM8J34" failures="0" tests="2" name="CrossBrowser01.loginTest" time="143.047" errors="0" timestamp="2023-01-24T23:35:32 IST" skipped="0">
  <testcase classname="CrossBrowser01.loginTest" name="testA" time="7.492"/>
  <system-out/>
  <testcase classname="CrossBrowser01.loginTest" name="testA" time="135.555"/>
  <system-out/>
</testsuite> <!-- CrossBrowser01.loginTest -->
