<?xml version="1.0" encoding="UTF-8"?>
<!-- Generated by org.testng.reporters.JUnitReportReporter -->
<testsuite hostname="LAPTOP-H8BM8J34" failures="0" tests="4" name="Test_Demo.TestNG_demo03" time="106.092" errors="0" timestamp="2023-01-02T22:12:18 IST" skipped="1">
  <testcase classname="Test_Demo.TestNG_demo03" name="testB" time="5.642"/>
  <system-out/>
  <testcase classname="Test_Demo.TestNG_demo03" name="testC" time="7.597"/>
  <system-out/>
  <testcase classname="Test_Demo.TestNG_demo03" name="testA" time="92.853"/>
  <system-out/>
  <testcase classname="Test_Demo.TestNG_demo03" name="testD">
    <skipped/>
  </testcase> <!-- testD -->
  <system-out/>
</testsuite> <!-- Test_Demo.TestNG_demo03 -->
